GROUP,PACKAGE,CLASS,INSTRUCTION_MISSED,INSTRUCTION_COVERED,BRANCH_MISSED,BRANCH_COVERED,LINE_MISSED,LINE_COVERED,COMPLEXITY_MISSED,COMPLEXITY_COVERED,METHOD_MISSED,METHOD_COVERED
AgendaTest,ed.agenda.excepciones,ContactoNoEncontradoException,3,0,0,0,1,0,1,0,1,0
AgendaTest,ed.agenda.excepciones,PosicionNoEncontradaException,3,0,0,0,1,0,1,0,1,0
AgendaTest,ed.agenda.entidades,Contacto,60,29,10,0,13,7,9,4,4,4
AgendaTest,ed.agenda.entidades,ContactoPersona,90,17,9,1,19,7,11,3,6,3
AgendaTest,ed.agenda.entidades,ContactoEmpresa,60,57,6,2,15,15,8,6,5,5
AgendaTest,ed.agenda,agendatest,355,0,17,0,94,0,15,0,2,0
AgendaTest,ed.agenda.dao,AgendaDaoExcel,174,323,14,18,51,83,19,9,6,6
AgendaTest,ed.agenda.dao,AgendaDaoArrayList,210,66,28,4,40,16,22,6,7,5
